Determining if the pthread_create exist failed with the following output:
Change Dir: /home/vsemi/git/VSEMI_TOF_SDK/samples/sample3/build/CMakeFiles/CMakeTmp

Run Build Command:"/usr/bin/make" "cmTC_d803d/fast"
/usr/bin/make -f CMakeFiles/cmTC_d803d.dir/build.make CMakeFiles/cmTC_d803d.dir/build
make[1]: Entering directory '/home/vsemi/git/VSEMI_TOF_SDK/samples/sample3/build/CMakeFiles/CMakeTmp'
Building C object CMakeFiles/cmTC_d803d.dir/CheckSymbolExists.c.o
/usr/bin/cc    -o CMakeFiles/cmTC_d803d.dir/CheckSymbolExists.c.o   -c /home/vsemi/git/VSEMI_TOF_SDK/samples/sample3/build/CMakeFiles/CMakeTmp/CheckSymbolExists.c
Linking C executable cmTC_d803d
/usr/bin/cmake -E cmake_link_script CMakeFiles/cmTC_d803d.dir/link.txt --verbose=1
/usr/bin/cc      CMakeFiles/cmTC_d803d.dir/CheckSymbolExists.c.o  -o cmTC_d803d 
CMakeFiles/cmTC_d803d.dir/CheckSymbolExists.c.o: In function `main':
CheckSymbolExists.c:(.text+0x14): undefined reference to `pthread_create'
CheckSymbolExists.c:(.text+0x18): undefined reference to `pthread_create'
collect2: error: ld returned 1 exit status
CMakeFiles/cmTC_d803d.dir/build.make:97: recipe for target 'cmTC_d803d' failed
make[1]: *** [cmTC_d803d] Error 1
make[1]: Leaving directory '/home/vsemi/git/VSEMI_TOF_SDK/samples/sample3/build/CMakeFiles/CMakeTmp'
Makefile:126: recipe for target 'cmTC_d803d/fast' failed
make: *** [cmTC_d803d/fast] Error 2

File /home/vsemi/git/VSEMI_TOF_SDK/samples/sample3/build/CMakeFiles/CMakeTmp/CheckSymbolExists.c:
/* */
#include <pthread.h>

int main(int argc, char** argv)
{
  (void)argv;
#ifndef pthread_create
  return ((int*)(&pthread_create))[argc];
#else
  (void)argc;
  return 0;
#endif
}

Determining if the function pthread_create exists in the pthreads failed with the following output:
Change Dir: /home/vsemi/git/VSEMI_TOF_SDK/samples/sample3/build/CMakeFiles/CMakeTmp

Run Build Command:"/usr/bin/make" "cmTC_6766e/fast"
/usr/bin/make -f CMakeFiles/cmTC_6766e.dir/build.make CMakeFiles/cmTC_6766e.dir/build
make[1]: Entering directory '/home/vsemi/git/VSEMI_TOF_SDK/samples/sample3/build/CMakeFiles/CMakeTmp'
Building C object CMakeFiles/cmTC_6766e.dir/CheckFunctionExists.c.o
/usr/bin/cc   -DCHECK_FUNCTION_EXISTS=pthread_create   -o CMakeFiles/cmTC_6766e.dir/CheckFunctionExists.c.o   -c /usr/share/cmake-3.10/Modules/CheckFunctionExists.c
Linking C executable cmTC_6766e
/usr/bin/cmake -E cmake_link_script CMakeFiles/cmTC_6766e.dir/link.txt --verbose=1
/usr/bin/cc  -DCHECK_FUNCTION_EXISTS=pthread_create    CMakeFiles/cmTC_6766e.dir/CheckFunctionExists.c.o  -o cmTC_6766e -lpthreads 
/usr/bin/ld: cannot find -lpthreads
collect2: error: ld returned 1 exit status
CMakeFiles/cmTC_6766e.dir/build.make:97: recipe for target 'cmTC_6766e' failed
make[1]: *** [cmTC_6766e] Error 1
make[1]: Leaving directory '/home/vsemi/git/VSEMI_TOF_SDK/samples/sample3/build/CMakeFiles/CMakeTmp'
Makefile:126: recipe for target 'cmTC_6766e/fast' failed
make: *** [cmTC_6766e/fast] Error 2


